<?xml version="1.0" encoding="UTF-8"?>
<!-- Generated by org.testng.reporters.JUnitReportReporter -->
<testsuite hostname="DESKTOP-A7ML19J" name="scripts.TestScripts" tests="1" failures="0" timestamp="10 Nov 2020 03:46:29 GMT" time="11.549" errors="0">
  <testcase name="SignIn" time="11.549" classname="scripts.TestScripts"/>
</testsuite> <!-- scripts.TestScripts -->
